<?xml version="1.0" encoding="UTF-8"?>
<testsuite xmlns:xsi="http://www.w3.org/2001/XMLSchema-instance" xsi:noNamespaceSchemaLocation="https://maven.apache.org/surefire/maven-surefire-plugin/xsd/surefire-test-report-3.0.xsd" version="3.0" name="com.acme.mcp.core.tools.SystemResetNetworkToolTest" time="0.014" tests="4" errors="0" skipped="0" failures="0">
  <properties>
[...]
</properties>
  <testcase name="testExecute" classname="com.acme.mcp.core.tools.SystemResetNetworkToolTest" time="0.003">
    <system-out><![CDATA[{"event":"tool_execution_started","timestamp":1758318622499,"dryRun":false,"assetId":"testasset","commandCount":3,"correlationId":"testcorrelation","userId":"testuser","tool":"system.reset_network","commands":"[\"ipconfig /flushdns\",\"netsh winsock reset\",\"netsh int ip reset\"]"}
{"event":"tool_execution_completed","timestamp":1758318622500,"executionId":"9f298095-7a1e-4646-90d7-084b5bba9af8","stdoutPreview":"DRY_RUN","assetId":"testasset","success":true,"stderrLen":0,"exitCode":0,"correlationId":"testcorrelation","userId":"testuser","tool":"system.reset_network","stdoutLen":7,"status":"SUCCESS"}
]]></system-out>
  </testcase>
  <testcase name="testAliases" classname="com.acme.mcp.core.tools.SystemResetNetworkToolTest" time="0.001"/>
  <testcase name="testToolProperties" classname="com.acme.mcp.core.tools.SystemResetNetworkToolTest" time="0.002"/>
  <testcase name="testJsonSchema" classname="com.acme.mcp.core.tools.SystemResetNetworkToolTest" time="0.001"/>
</testsuite>