<?xml version="1.0" encoding="UTF-8"?>
<testsuite xmlns:xsi="http://www.w3.org/2001/XMLSchema-instance" xsi:noNamespaceSchemaLocation="https://maven.apache.org/surefire/maven-surefire-plugin/xsd/surefire-test-report-3.0.xsd" version="3.0" name="com.acme.mcp.core.tool.PowerShellToolBaseTest" time="0.949" tests="4" errors="0" skipped="0" failures="0">
  <properties>
[...]
</properties>
  <testcase name="testToolProperties" classname="com.acme.mcp.core.tool.PowerShellToolBaseTest" time="0.224"/>
  <testcase name="testValidationError" classname="com.acme.mcp.core.tool.PowerShellToolBaseTest" time="0.552">
    <system-out><![CDATA[03:11:12,490 |-INFO in ch.qos.logback.classic.LoggerContext[default] - This is logback-classic version 1.4.14
03:11:12,493 |-INFO in ch.qos.logback.classic.util.ContextInitializer@4372b9b6 - No custom configurators were discovered as a service.
03:11:12,494 |-INFO in ch.qos.logback.classic.util.ContextInitializer@4372b9b6 - Trying to configure with ch.qos.logback.classic.joran.SerializedModelConfigurator
03:11:12,496 |-INFO in ch.qos.logback.classic.util.ContextInitializer@4372b9b6 - Constructed configurator of type class ch.qos.logback.classic.joran.SerializedModelConfigurator
03:11:12,505 |-INFO in ch.qos.logback.classic.LoggerContext[default] - Could NOT find resource [logback-test.scmo]
03:11:12,506 |-INFO in ch.qos.logback.classic.LoggerContext[default] - Could NOT find resource [logback.scmo]
03:11:12,514 |-INFO in ch.qos.logback.classic.util.ContextInitializer@4372b9b6 - ch.qos.logback.classic.joran.SerializedModelConfigurator.configure() call lasted 10 milliseconds. ExecutionStatus=INVOKE_NEXT_IF_ANY
03:11:12,514 |-INFO in ch.qos.logback.classic.util.ContextInitializer@4372b9b6 - Trying to configure with ch.qos.logback.classic.util.DefaultJoranConfigurator
03:11:12,515 |-INFO in ch.qos.logback.classic.util.ContextInitializer@4372b9b6 - Constructed configurator of type class ch.qos.logback.classic.util.DefaultJoranConfigurator
03:11:12,516 |-INFO in ch.qos.logback.classic.LoggerContext[default] - Could NOT find resource [logback-test.xml]
03:11:12,523 |-INFO in ch.qos.logback.classic.LoggerContext[default] - Found resource [logback.xml] at [file:/C:/Users/jesus/CursorProjects/mcp-core/target/classes/logback.xml]
03:11:12,724 |-INFO in ch.qos.logback.core.model.processor.AppenderModelHandler - Processing appender named [CONSOLE]
03:11:12,725 |-INFO in ch.qos.logback.core.model.processor.AppenderModelHandler - About to instantiate appender of type [ch.qos.logback.core.ConsoleAppender]
03:11:12,740 |-INFO in ch.qos.logback.core.model.processor.ImplicitModelHandler - Assuming default type [ch.qos.logback.classic.encoder.PatternLayoutEncoder] for [encoder] property
03:11:12,807 |-INFO in ch.qos.logback.core.model.processor.AppenderModelHandler - Processing appender named [AUDIT_CONSOLE]
03:11:12,807 |-INFO in ch.qos.logback.core.model.processor.AppenderModelHandler - About to instantiate appender of type [ch.qos.logback.core.ConsoleAppender]
03:11:12,808 |-INFO in ch.qos.logback.core.model.processor.ImplicitModelHandler - Assuming default type [ch.qos.logback.classic.encoder.PatternLayoutEncoder] for [encoder] property
03:11:12,809 |-INFO in ch.qos.logback.core.model.processor.AppenderModelHandler - Processing appender named [AUDIT_FILE]
03:11:12,809 |-INFO in ch.qos.logback.core.model.processor.AppenderModelHandler - About to instantiate appender of type [ch.qos.logback.core.rolling.RollingFileAppender]
03:11:12,833 |-WARN in ch.qos.logback.core.model.processor.ImplicitModelHandler - Ignoring unknown property [maxFileSize] in [ch.qos.logback.core.rolling.TimeBasedRollingPolicy]
03:11:12,838 |-INFO in c.q.l.core.rolling.TimeBasedRollingPolicy@589987187 - No compression will be used
03:11:12,840 |-INFO in c.q.l.core.rolling.TimeBasedRollingPolicy@589987187 - Will use the pattern logs/audit.%d{yyyy-MM-dd}.%i.log for the active file
03:11:12,849 |-INFO in c.q.l.core.rolling.DefaultTimeBasedFileNamingAndTriggeringPolicy - The date pattern is 'yyyy-MM-dd' from file name pattern 'logs/audit.%d{yyyy-MM-dd}.%i.log'.
03:11:12,849 |-INFO in c.q.l.core.rolling.DefaultTimeBasedFileNamingAndTriggeringPolicy - Roll-over at midnight.
03:11:12,851 |-INFO in c.q.l.core.rolling.DefaultTimeBasedFileNamingAndTriggeringPolicy - Setting initial period to 2025-09-19T01:11:12.850Z
03:11:12,853 |-ERROR in c.q.l.core.rolling.DefaultTimeBasedFileNamingAndTriggeringPolicy - Filename pattern [logs/audit.%d{yyyy-MM-dd}.%i.log] contains an integer token converter, i.e. %i, INCOMPATIBLE with this configuration. Remove it.
03:11:12,853 |-WARN in c.q.l.core.rolling.TimeBasedRollingPolicy@589987187 - Subcomponent did not start. TimeBasedRollingPolicy will not start.
03:11:12,853 |-INFO in ch.qos.logback.core.model.processor.ImplicitModelHandler - Assuming default type [ch.qos.logback.classic.encoder.PatternLayoutEncoder] for [encoder] property
03:11:12,854 |-WARN in ch.qos.logback.core.rolling.RollingFileAppender[AUDIT_FILE] - TriggeringPolicy has not started. RollingFileAppender will not start
03:11:12,856 |-INFO in ch.qos.logback.classic.model.processor.LoggerModelHandler - Setting level of logger [AUDIT] to INFO
03:11:12,865 |-INFO in ch.qos.logback.classic.model.processor.LoggerModelHandler - Setting additivity of logger [AUDIT] to false
03:11:12,867 |-INFO in ch.qos.logback.core.model.processor.AppenderRefModelHandler - Attaching appender named [AUDIT_CONSOLE] to Logger[AUDIT]
03:11:12,868 |-INFO in ch.qos.logback.core.model.processor.AppenderRefModelHandler - Attaching appender named [AUDIT_FILE] to Logger[AUDIT]
03:11:12,869 |-INFO in ch.qos.logback.classic.model.processor.RootLoggerModelHandler - Setting level of ROOT logger to INFO
03:11:12,869 |-INFO in ch.qos.logback.core.model.processor.AppenderRefModelHandler - Attaching appender named [CONSOLE] to Logger[ROOT]
03:11:12,869 |-INFO in ch.qos.logback.core.model.processor.DefaultProcessor@40844aab - End of configuration.
03:11:12,870 |-INFO in ch.qos.logback.classic.joran.JoranConfigurator@1f6c9cd8 - Registering current configuration as safe fallback point
03:11:12,870 |-INFO in ch.qos.logback.classic.util.ContextInitializer@4372b9b6 - ch.qos.logback.classic.util.DefaultJoranConfigurator.configure() call lasted 355 milliseconds. ExecutionStatus=DO_NOT_INVOKE_NEXT_IF_ANY

{"event":"tool_validation_error","timestamp":1758244272882,"missingField":"requiredField","tool":"test.tool","providedFields":"[[]]"}
]]></system-out>
  </testcase>
  <testcase name="testDryRunExecution" classname="com.acme.mcp.core.tool.PowerShellToolBaseTest" time="0.157">
    <system-out><![CDATA[{"event":"tool_execution_started","timestamp":1758244272985,"dryRun":false,"assetId":"testasset","commandCount":1,"correlationId":"testcorrelation","userId":"testuser","commands":"[\"Get-Service\"]","tool":"test.tool"}
{"event":"tool_execution_completed","timestamp":1758244273139,"executionId":"fc60b1e8-97a1-44a3-8a49-182f84031ba5","stdoutPreview":"DRY_RUN","success":true,"assetId":"testasset","exitCode":0,"stderrLen":0,"correlationId":"testcorrelation","userId":"testuser","tool":"test.tool","status":"SUCCESS","stdoutLen":7}
]]></system-out>
  </testcase>
  <testcase name="testBlockedCommand" classname="com.acme.mcp.core.tool.PowerShellToolBaseTest" time="0.003">
    <system-out><![CDATA[{"event":"tool_execution_blocked","timestamp":1758244273144,"command":"format C:","tool":"test.tool"}
]]></system-out>
  </testcase>
</testsuite>