<?xml version="1.0" encoding="UTF-8"?>
<testsuite xmlns:xsi="http://www.w3.org/2001/XMLSchema-instance" xsi:noNamespaceSchemaLocation="https://maven.apache.org/surefire/maven-surefire-plugin/xsd/surefire-test-report-3.0.xsd" version="3.0" name="com.acme.mcp.core.tool.PowerShellToolBaseTest" time="0.837" tests="4" errors="0" skipped="0" failures="0">
  <properties>
[...]
</properties>
  <testcase name="testToolProperties" classname="com.acme.mcp.core.tool.PowerShellToolBaseTest" time="0.269"/>
  <testcase name="testValidationError" classname="com.acme.mcp.core.tool.PowerShellToolBaseTest" time="0.432">
    <system-out><![CDATA[23:50:21,903 |-INFO in ch.qos.logback.classic.LoggerContext[default] - This is logback-classic version 1.4.14
23:50:21,905 |-INFO in ch.qos.logback.classic.util.ContextInitializer@4372b9b6 - No custom configurators were discovered as a service.
23:50:21,906 |-INFO in ch.qos.logback.classic.util.ContextInitializer@4372b9b6 - Trying to configure with ch.qos.logback.classic.joran.SerializedModelConfigurator
23:50:21,906 |-INFO in ch.qos.logback.classic.util.ContextInitializer@4372b9b6 - Constructed configurator of type class ch.qos.logback.classic.joran.SerializedModelConfigurator
23:50:21,916 |-INFO in ch.qos.logback.classic.LoggerContext[default] - Could NOT find resource [logback-test.scmo]
23:50:21,917 |-INFO in ch.qos.logback.classic.LoggerContext[default] - Could NOT find resource [logback.scmo]
23:50:21,925 |-INFO in ch.qos.logback.classic.util.ContextInitializer@4372b9b6 - ch.qos.logback.classic.joran.SerializedModelConfigurator.configure() call lasted 11 milliseconds. ExecutionStatus=INVOKE_NEXT_IF_ANY
23:50:21,925 |-INFO in ch.qos.logback.classic.util.ContextInitializer@4372b9b6 - Trying to configure with ch.qos.logback.classic.util.DefaultJoranConfigurator
23:50:21,926 |-INFO in ch.qos.logback.classic.util.ContextInitializer@4372b9b6 - Constructed configurator of type class ch.qos.logback.classic.util.DefaultJoranConfigurator
23:50:21,928 |-INFO in ch.qos.logback.classic.LoggerContext[default] - Could NOT find resource [logback-test.xml]
23:50:21,934 |-INFO in ch.qos.logback.classic.LoggerContext[default] - Found resource [logback.xml] at [file:/C:/Users/jesus/CursorProjects/mcp-core/target/classes/logback.xml]
23:50:22,095 |-INFO in ch.qos.logback.core.model.processor.AppenderModelHandler - Processing appender named [CONSOLE]
23:50:22,095 |-INFO in ch.qos.logback.core.model.processor.AppenderModelHandler - About to instantiate appender of type [ch.qos.logback.core.ConsoleAppender]
23:50:22,107 |-INFO in ch.qos.logback.core.model.processor.ImplicitModelHandler - Assuming default type [ch.qos.logback.classic.encoder.PatternLayoutEncoder] for [encoder] property
23:50:22,168 |-INFO in ch.qos.logback.core.model.processor.AppenderModelHandler - Processing appender named [AUDIT_CONSOLE]
23:50:22,168 |-INFO in ch.qos.logback.core.model.processor.AppenderModelHandler - About to instantiate appender of type [ch.qos.logback.core.ConsoleAppender]
23:50:22,169 |-INFO in ch.qos.logback.core.model.processor.ImplicitModelHandler - Assuming default type [ch.qos.logback.classic.encoder.PatternLayoutEncoder] for [encoder] property
23:50:22,170 |-INFO in ch.qos.logback.core.model.processor.AppenderModelHandler - Processing appender named [AUDIT_FILE]
23:50:22,170 |-INFO in ch.qos.logback.core.model.processor.AppenderModelHandler - About to instantiate appender of type [ch.qos.logback.core.rolling.RollingFileAppender]
23:50:22,182 |-WARN in ch.qos.logback.core.model.processor.ImplicitModelHandler - Ignoring unknown property [maxFileSize] in [ch.qos.logback.core.rolling.TimeBasedRollingPolicy]
23:50:22,191 |-INFO in c.q.l.core.rolling.TimeBasedRollingPolicy@589987187 - No compression will be used
23:50:22,195 |-INFO in c.q.l.core.rolling.TimeBasedRollingPolicy@589987187 - Will use the pattern logs/audit.%d{yyyy-MM-dd}.%i.log for the active file
23:50:22,204 |-INFO in c.q.l.core.rolling.DefaultTimeBasedFileNamingAndTriggeringPolicy - The date pattern is 'yyyy-MM-dd' from file name pattern 'logs/audit.%d{yyyy-MM-dd}.%i.log'.
23:50:22,204 |-INFO in c.q.l.core.rolling.DefaultTimeBasedFileNamingAndTriggeringPolicy - Roll-over at midnight.
23:50:22,205 |-INFO in c.q.l.core.rolling.DefaultTimeBasedFileNamingAndTriggeringPolicy - Setting initial period to 2025-09-19T21:50:22.205Z
23:50:22,207 |-ERROR in c.q.l.core.rolling.DefaultTimeBasedFileNamingAndTriggeringPolicy - Filename pattern [logs/audit.%d{yyyy-MM-dd}.%i.log] contains an integer token converter, i.e. %i, INCOMPATIBLE with this configuration. Remove it.
23:50:22,207 |-WARN in c.q.l.core.rolling.TimeBasedRollingPolicy@589987187 - Subcomponent did not start. TimeBasedRollingPolicy will not start.
23:50:22,208 |-INFO in ch.qos.logback.core.model.processor.ImplicitModelHandler - Assuming default type [ch.qos.logback.classic.encoder.PatternLayoutEncoder] for [encoder] property
23:50:22,208 |-WARN in ch.qos.logback.core.rolling.RollingFileAppender[AUDIT_FILE] - TriggeringPolicy has not started. RollingFileAppender will not start
23:50:22,210 |-INFO in ch.qos.logback.classic.model.processor.LoggerModelHandler - Setting level of logger [AUDIT] to INFO
23:50:22,219 |-INFO in ch.qos.logback.classic.model.processor.LoggerModelHandler - Setting additivity of logger [AUDIT] to false
23:50:22,220 |-INFO in ch.qos.logback.core.model.processor.AppenderRefModelHandler - Attaching appender named [AUDIT_CONSOLE] to Logger[AUDIT]
23:50:22,221 |-INFO in ch.qos.logback.core.model.processor.AppenderRefModelHandler - Attaching appender named [AUDIT_FILE] to Logger[AUDIT]
23:50:22,221 |-INFO in ch.qos.logback.classic.model.processor.RootLoggerModelHandler - Setting level of ROOT logger to INFO
23:50:22,221 |-INFO in ch.qos.logback.core.model.processor.AppenderRefModelHandler - Attaching appender named [CONSOLE] to Logger[ROOT]
23:50:22,221 |-INFO in ch.qos.logback.core.model.processor.DefaultProcessor@40844aab - End of configuration.
23:50:22,223 |-INFO in ch.qos.logback.classic.joran.JoranConfigurator@1f6c9cd8 - Registering current configuration as safe fallback point
23:50:22,223 |-INFO in ch.qos.logback.classic.util.ContextInitializer@4372b9b6 - ch.qos.logback.classic.util.DefaultJoranConfigurator.configure() call lasted 297 milliseconds. ExecutionStatus=DO_NOT_INVOKE_NEXT_IF_ANY

{"event":"tool_validation_error","timestamp":1758318622234,"tool":"test.tool","missingField":"requiredField","providedFields":"[[]]"}
]]></system-out>
  </testcase>
  <testcase name="testDryRunExecution" classname="com.acme.mcp.core.tool.PowerShellToolBaseTest" time="0.123">
    <system-out><![CDATA[{"event":"tool_execution_started","timestamp":1758318622278,"dryRun":false,"assetId":"testasset","commandCount":1,"correlationId":"testcorrelation","userId":"testuser","tool":"test.tool","commands":"[\"Get-Service\"]"}
{"event":"tool_execution_completed","timestamp":1758318622399,"executionId":"c6fa1a39-0bd3-438e-89c7-b52369fb04f4","stdoutPreview":"DRY_RUN","assetId":"testasset","success":true,"stderrLen":0,"exitCode":0,"correlationId":"testcorrelation","userId":"testuser","tool":"test.tool","stdoutLen":7,"status":"SUCCESS"}
]]></system-out>
  </testcase>
  <testcase name="testBlockedCommand" classname="com.acme.mcp.core.tool.PowerShellToolBaseTest" time="0.003">
    <system-out><![CDATA[{"event":"tool_execution_blocked","timestamp":1758318622401,"command":"format C:","tool":"test.tool"}
]]></system-out>
  </testcase>
</testsuite>