<?xml version="1.0" encoding="UTF-8"?>
<testsuite xmlns:xsi="http://www.w3.org/2001/XMLSchema-instance" xsi:noNamespaceSchemaLocation="https://maven.apache.org/surefire/maven-surefire-plugin/xsd/surefire-test-report-3.0.xsd" version="3.0" name="com.acme.mcp.core.tool.ToolRegistryTest" time="0.048" tests="11" errors="0" skipped="0" failures="0">
  <properties>
[...]
</properties>
  <testcase name="testClear" classname="com.acme.mcp.core.tool.ToolRegistryTest" time="0.002"/>
  <testcase name="testRegisterTool" classname="com.acme.mcp.core.tool.ToolRegistryTest" time="0.002"/>
  <testcase name="testListNames" classname="com.acme.mcp.core.tool.ToolRegistryTest" time="0.003"/>
  <testcase name="testListTools" classname="com.acme.mcp.core.tool.ToolRegistryTest" time="0.002"/>
  <testcase name="testRegisterToolWithEmptyName" classname="com.acme.mcp.core.tool.ToolRegistryTest" time="0.003"/>
  <testcase name="testUnregister" classname="com.acme.mcp.core.tool.ToolRegistryTest" time="0.003"/>
  <testcase name="testContains" classname="com.acme.mcp.core.tool.ToolRegistryTest" time="0.001"/>
  <testcase name="testGetToolByName" classname="com.acme.mcp.core.tool.ToolRegistryTest" time="0.004"/>
  <testcase name="testRegisterToolWithNullName" classname="com.acme.mcp.core.tool.ToolRegistryTest" time="0.003"/>
  <testcase name="testRegisterToolWithDuplicateName" classname="com.acme.mcp.core.tool.ToolRegistryTest" time="0.003"/>
  <testcase name="testRegisterToolWithDuplicateAlias" classname="com.acme.mcp.core.tool.ToolRegistryTest" time="0.004"/>
</testsuite>